<?xml version="1.0" encoding="UTF-8"?>
<testsuites name="XLCOnlineApproval Positivecase" time="29.419" tests="3" failures="0" errors="0">
   <testsuite name="XLCOnlineApproval Positivecase" tests="3" failures="0" errors="0" time="29.419" skipped="0" timestamp="15-06-2024T22:56:59" hostname="LENOVO - DESKTOP-PAESQ7A" id="Test Suites/XLCOnlineApproval Positivecase">
      <properties>
         <property name="deviceName" value=""/>
         <property name="devicePlatform"/>
         <property name="logFolder" value="E:\\- FILE ELVIA\\Katalon\\PROJECT\\NewGenprio\\Reports\\20240615_225643\\XLCOnlineApproval Positivecase\\20240615_225650"/>
         <property name="logFiles" value="E:\\- FILE ELVIA\\Katalon\\PROJECT\\NewGenprio\\Reports\\20240615_225643\\XLCOnlineApproval Positivecase\\20240615_225650\\execution0.log"/>
         <property name="attachments" value="E:\\- FILE ELVIA\\Katalon\\PROJECT\\NewGenprio\\Reports\\20240615_225643\\XLCOnlineApproval Positivecase\\20240615_225650\\1718467037893.png, E:\\- FILE ELVIA\\Katalon\\PROJECT\\NewGenprio\\Reports\\20240615_225643\\XLCOnlineApproval Positivecase\\20240615_225650\\1718467044393.png, E:\\- FILE ELVIA\\Katalon\\PROJECT\\NewGenprio\\Reports\\20240615_225643\\XLCOnlineApproval Positivecase\\20240615_225650\\1718467048331.png"/>
         <property name="hostName" value="LENOVO - DESKTOP-PAESQ7A"/>
         <property name="os" value="Windows 10 64bit"/>
         <property name="katalonVersion" value="9.5.0.217"/>
         <property name="browser" value="Chrome 125.0.0.0"/>
         <property name="hostAddress" value="192.168.0.107"/>
         <property name="sessionId" value="615eecfb8d08f73729be13e92ae18ce2"/>
         <property name="seleniumVersion" value="3.141.59"/>
         <property name="proxyInformation" value="ProxyInformation { proxyOption=NO_PROXY, proxyServerType=HTTP, username=, password=********, proxyServerAddress=, proxyServerPort=0, executionList=&quot;&quot;, isApplyToDesiredCapabilities=true }"/>
         <property name="platform" value="Windows 10"/>
      </properties>
      <testcase name="Test Cases/MAIN/WebSupport/XLCApproval Searching" time="3.505" classname="Test Cases/MAIN/WebSupport/XLCApproval Searching" status="PASSED">
         <system-out><![CDATA[15-06-2024T22:57:14 - [TEST_CASE][PASSED] - Test Cases/MAIN/WebSupport/XLCApproval Searching: Test Cases/MAIN/WebSupport/XLCApproval Searching

15-06-2024T22:57:15 - [TEST_STEP][PASSED] - click(findTestObject("Comet/mainMenu", ["txt":"Customer Support"])): Object: 'Object Repository/Comet/mainMenu' is clicked on

15-06-2024T22:57:15 - [MESSAGE][PASSED] - Object: 'Object Repository/Comet/mainMenu' is clicked on

15-06-2024T22:57:15 - [TEST_STEP][PASSED] - click(findTestObject("Comet/mainMenu child", ["txtMenu":"Center Approval"])): Object: 'Object Repository/Comet/mainMenu child' is clicked on

15-06-2024T22:57:16 - [MESSAGE][PASSED] - Object: 'Object Repository/Comet/mainMenu child' is clicked on

15-06-2024T22:57:16 - [TEST_STEP][PASSED] - click(findTestObject("Comet/p-dropdown fcn", ["ddName":"serviceType"])): Object: 'Object Repository/Comet/p-dropdown fcn' is clicked on

15-06-2024T22:57:16 - [MESSAGE][PASSED] - Object: 'Object Repository/Comet/p-dropdown fcn' is clicked on

15-06-2024T22:57:16 - [TEST_STEP][PASSED] - OtherKeyword.selectObjectBasedOnIndex(findTestObject("Comet/p-dropdownitem li"), idxService): OtherKeyword.selectObjectBasedOnIndex is PASSED

15-06-2024T22:57:17 - [MESSAGE][PASSED] - Found web elements by test object Object Repository/Comet/p-dropdownitem li

15-06-2024T22:57:17 - [MESSAGE][PASSED] - OtherKeyword.selectObjectBasedOnIndex is PASSED

15-06-2024T22:57:17 - [TEST_STEP][PASSED] - click(findTestObject("Comet/btn containsText", ["txtBtn":"Search"])): Object: 'Object Repository/Comet/btn containsText' is clicked on

15-06-2024T22:57:17 - [MESSAGE][PASSED] - Object: 'Object Repository/Comet/btn containsText' is clicked on

15-06-2024T22:57:17 - [TEST_STEP][PASSED] - takeFullPageScreenshot(): Taking screenshot successfully

15-06-2024T22:57:18 - [MESSAGE][INFO] - 0 hidden object(s)

15-06-2024T22:57:18 - [MESSAGE][PASSED] - Taking screenshot successfully
[[ATTACHMENT|E:\\- FILE ELVIA\\Katalon\\PROJECT\\NewGenprio\\Reports\\20240615_225643\\XLCOnlineApproval Positivecase\\20240615_225650\\1718467037893.png]]]]></system-out>
         <system-err><![CDATA[]]></system-err>
      </testcase>
      <testcase name="Test Cases/MAIN/WebSupport/XLCApproval Searching" time="6.432" classname="Test Cases/MAIN/WebSupport/XLCApproval Searching" status="PASSED">
         <system-out><![CDATA[15-06-2024T22:57:18 - [TEST_CASE][PASSED] - Test Cases/MAIN/WebSupport/XLCApproval Searching: Test Cases/MAIN/WebSupport/XLCApproval Searching

15-06-2024T22:57:18 - [TEST_STEP][PASSED] - click(findTestObject("Comet/mainMenu", ["txt":"Customer Support"])): Object: 'Object Repository/Comet/mainMenu' is clicked on

15-06-2024T22:57:21 - [MESSAGE][PASSED] - Object: 'Object Repository/Comet/mainMenu' is clicked on

15-06-2024T22:57:21 - [TEST_STEP][PASSED] - click(findTestObject("Comet/mainMenu child", ["txtMenu":"Center Approval"])): Object: 'Object Repository/Comet/mainMenu child' is clicked on

15-06-2024T22:57:22 - [MESSAGE][PASSED] - Object: 'Object Repository/Comet/mainMenu child' is clicked on

15-06-2024T22:57:22 - [TEST_STEP][PASSED] - click(findTestObject("Comet/p-dropdown fcn", ["ddName":"serviceType"])): Object: 'Object Repository/Comet/p-dropdown fcn' is clicked on

15-06-2024T22:57:23 - [MESSAGE][PASSED] - Object: 'Object Repository/Comet/p-dropdown fcn' is clicked on

15-06-2024T22:57:23 - [TEST_STEP][PASSED] - OtherKeyword.selectObjectBasedOnIndex(findTestObject("Comet/p-dropdownitem li"), idxService): OtherKeyword.selectObjectBasedOnIndex is PASSED

15-06-2024T22:57:23 - [MESSAGE][PASSED] - Found web elements by test object Object Repository/Comet/p-dropdownitem li

15-06-2024T22:57:23 - [MESSAGE][PASSED] - OtherKeyword.selectObjectBasedOnIndex is PASSED

15-06-2024T22:57:23 - [TEST_STEP][PASSED] - click(findTestObject("Comet/btn containsText", ["txtBtn":"Search"])): Object: 'Object Repository/Comet/btn containsText' is clicked on

15-06-2024T22:57:24 - [MESSAGE][PASSED] - Object: 'Object Repository/Comet/btn containsText' is clicked on

15-06-2024T22:57:24 - [TEST_STEP][PASSED] - takeFullPageScreenshot(): Taking screenshot successfully

15-06-2024T22:57:24 - [MESSAGE][INFO] - 0 hidden object(s)

15-06-2024T22:57:24 - [MESSAGE][PASSED] - Taking screenshot successfully
[[ATTACHMENT|E:\\- FILE ELVIA\\Katalon\\PROJECT\\NewGenprio\\Reports\\20240615_225643\\XLCOnlineApproval Positivecase\\20240615_225650\\1718467044393.png]]]]></system-out>
         <system-err><![CDATA[]]></system-err>
      </testcase>
      <testcase name="Test Cases/MAIN/WebSupport/XLCApproval Searching" time="3.974" classname="Test Cases/MAIN/WebSupport/XLCApproval Searching" status="PASSED">
         <system-out><![CDATA[15-06-2024T22:57:24 - [TEST_CASE][PASSED] - Test Cases/MAIN/WebSupport/XLCApproval Searching: Test Cases/MAIN/WebSupport/XLCApproval Searching

15-06-2024T22:57:24 - [TEST_STEP][PASSED] - click(findTestObject("Comet/mainMenu", ["txt":"Customer Support"])): Object: 'Object Repository/Comet/mainMenu' is clicked on

15-06-2024T22:57:26 - [MESSAGE][PASSED] - Object: 'Object Repository/Comet/mainMenu' is clicked on

15-06-2024T22:57:26 - [TEST_STEP][PASSED] - click(findTestObject("Comet/mainMenu child", ["txtMenu":"Center Approval"])): Object: 'Object Repository/Comet/mainMenu child' is clicked on

15-06-2024T22:57:26 - [MESSAGE][PASSED] - Object: 'Object Repository/Comet/mainMenu child' is clicked on

15-06-2024T22:57:26 - [TEST_STEP][PASSED] - click(findTestObject("Comet/p-dropdown fcn", ["ddName":"serviceType"])): Object: 'Object Repository/Comet/p-dropdown fcn' is clicked on

15-06-2024T22:57:27 - [MESSAGE][PASSED] - Object: 'Object Repository/Comet/p-dropdown fcn' is clicked on

15-06-2024T22:57:27 - [TEST_STEP][PASSED] - OtherKeyword.selectObjectBasedOnIndex(findTestObject("Comet/p-dropdownitem li"), idxService): OtherKeyword.selectObjectBasedOnIndex is PASSED

15-06-2024T22:57:27 - [MESSAGE][PASSED] - Found web elements by test object Object Repository/Comet/p-dropdownitem li

15-06-2024T22:57:27 - [MESSAGE][PASSED] - OtherKeyword.selectObjectBasedOnIndex is PASSED

15-06-2024T22:57:27 - [TEST_STEP][PASSED] - click(findTestObject("Comet/btn containsText", ["txtBtn":"Search"])): Object: 'Object Repository/Comet/btn containsText' is clicked on

15-06-2024T22:57:28 - [MESSAGE][PASSED] - Object: 'Object Repository/Comet/btn containsText' is clicked on

15-06-2024T22:57:28 - [TEST_STEP][PASSED] - takeFullPageScreenshot(): Taking screenshot successfully

15-06-2024T22:57:28 - [MESSAGE][INFO] - 0 hidden object(s)

15-06-2024T22:57:28 - [MESSAGE][PASSED] - Taking screenshot successfully
[[ATTACHMENT|E:\\- FILE ELVIA\\Katalon\\PROJECT\\NewGenprio\\Reports\\20240615_225643\\XLCOnlineApproval Positivecase\\20240615_225650\\1718467048331.png]]]]></system-out>
         <system-err><![CDATA[]]></system-err>
      </testcase>
      <system-out><![CDATA[15-06-2024T22:56:59 - [TEST_SUITE][PASSED] - XLCOnlineApproval Positivecase: Test Cases/MAIN/WebSupport/XLCApproval Searching]]></system-out>
      <system-err><![CDATA[]]></system-err>
   </testsuite>
</testsuites>
