<?xml version="1.0" encoding="UTF-8"?>
<testsuites name="XLCOnlineApproval Positivecase" time="32.739" tests="3" failures="0" errors="0">
   <testsuite name="XLCOnlineApproval Positivecase" tests="3" failures="0" errors="0" time="32.739" skipped="0" timestamp="2024-06-18 17:51:04" hostname="LENOVO - DESKTOP-PAESQ7A" id="Test Suites/XLCOnlineApproval Positivecase">
      <properties>
         <property name="deviceName" value=""/>
         <property name="devicePlatform" value=""/>
         <property name="logFolder" value="E:\\- FILE ELVIA\\Katalon\\PROJECT\\NewGenprio\\Reports\\20240618_175001\\XLCOnlineApproval Positivecase\\20240618_175004"/>
         <property name="logFiles" value="E:\\- FILE ELVIA\\Katalon\\PROJECT\\NewGenprio\\Reports\\20240618_175001\\XLCOnlineApproval Positivecase\\20240618_175004\\execution0.log"/>
         <property name="attachments" value="E:\\- FILE ELVIA\\Katalon\\PROJECT\\NewGenprio\\Reports\\20240618_175001\\XLCOnlineApproval Positivecase\\20240618_175004\\1718707884569.png, E:\\- FILE ELVIA\\Katalon\\PROJECT\\NewGenprio\\Reports\\20240618_175001\\XLCOnlineApproval Positivecase\\20240618_175004\\1718707891713.png, E:\\- FILE ELVIA\\Katalon\\PROJECT\\NewGenprio\\Reports\\20240618_175001\\XLCOnlineApproval Positivecase\\20240618_175004\\1718707896642.png"/>
         <property name="hostName" value="LENOVO - DESKTOP-PAESQ7A"/>
         <property name="os" value="Windows 10 64bit"/>
         <property name="katalonVersion" value="8.6.6.208"/>
         <property name="browser" value="Chrome 126.0.0.0"/>
         <property name="hostAddress" value="192.168.0.110"/>
         <property name="sessionId" value="9b7f27b5ce0ffb2825174bd0715f740d"/>
         <property name="seleniumVersion" value="3.141.59"/>
         <property name="proxyInformation" value="ProxyInformation { proxyOption=NO_PROXY, proxyServerType=HTTP, username=, password=********, proxyServerAddress=, proxyServerPort=0, executionList=&quot;&quot;, isApplyToDesiredCapabilities=true }"/>
         <property name="platform" value="Windows 10"/>
      </properties>
      <testcase name="Test Cases/MAIN/WebSupport/XLCApproval Searching" time="4.744" classname="Test Cases/MAIN/WebSupport/XLCApproval Searching" status="PASSED">
         <system-out><![CDATA[2024-06-18 17:51:20 - [TEST_CASE][PASSED] - Test Cases/MAIN/WebSupport/XLCApproval Searching: Test Cases/MAIN/WebSupport/XLCApproval Searching

2024-06-18 17:51:20 - [TEST_STEP][PASSED] - click(findTestObject("Comet/mainMenu", ["txt":"Customer Support"])): Object: 'Object Repository/Comet/mainMenu' is clicked on

2024-06-18 17:51:21 - [MESSAGE][PASSED] - Object: 'Object Repository/Comet/mainMenu' is clicked on

2024-06-18 17:51:21 - [TEST_STEP][PASSED] - click(findTestObject("Comet/mainMenu child", ["txtMenu":"Center Approval"])): Object: 'Object Repository/Comet/mainMenu child' is clicked on

2024-06-18 17:51:21 - [MESSAGE][PASSED] - Object: 'Object Repository/Comet/mainMenu child' is clicked on

2024-06-18 17:51:21 - [TEST_STEP][PASSED] - click(findTestObject("Comet/p-dropdown fcn", ["ddName":"serviceType"])): Object: 'Object Repository/Comet/p-dropdown fcn' is clicked on

2024-06-18 17:51:23 - [MESSAGE][PASSED] - Object: 'Object Repository/Comet/p-dropdown fcn' is clicked on

2024-06-18 17:51:23 - [TEST_STEP][PASSED] - OtherKeyword.selectObjectBasedOnIndex(findTestObject("Comet/p-dropdownitem li"), idxService): OtherKeyword.selectObjectBasedOnIndex is PASSED

2024-06-18 17:51:23 - [MESSAGE][PASSED] - OtherKeyword.selectObjectBasedOnIndex is PASSED

2024-06-18 17:51:23 - [TEST_STEP][PASSED] - click(findTestObject("Comet/btn containsText", ["txtBtn":"Search"])): Object: 'Object Repository/Comet/btn containsText' is clicked on

2024-06-18 17:51:24 - [MESSAGE][PASSED] - Object: 'Object Repository/Comet/btn containsText' is clicked on

2024-06-18 17:51:24 - [TEST_STEP][PASSED] - takeFullPageScreenshot(): Taking screenshot successfully

2024-06-18 17:51:25 - [MESSAGE][INFO] - 0 hidden object(s)

2024-06-18 17:51:25 - [MESSAGE][PASSED] - Taking screenshot successfully
[[ATTACHMENT|E:\\- FILE ELVIA\\Katalon\\PROJECT\\NewGenprio\\Reports\\20240618_175001\\XLCOnlineApproval Positivecase\\20240618_175004\\1718707884569.png]]]]></system-out>
         <system-err><![CDATA[]]></system-err>
      </testcase>
      <testcase name="Test Cases/MAIN/WebSupport/XLCApproval Searching" time="7.071" classname="Test Cases/MAIN/WebSupport/XLCApproval Searching" status="PASSED">
         <system-out><![CDATA[2024-06-18 17:51:25 - [TEST_CASE][PASSED] - Test Cases/MAIN/WebSupport/XLCApproval Searching: Test Cases/MAIN/WebSupport/XLCApproval Searching

2024-06-18 17:51:25 - [TEST_STEP][PASSED] - click(findTestObject("Comet/mainMenu", ["txt":"Customer Support"])): Object: 'Object Repository/Comet/mainMenu' is clicked on

2024-06-18 17:51:28 - [MESSAGE][PASSED] - Object: 'Object Repository/Comet/mainMenu' is clicked on

2024-06-18 17:51:28 - [TEST_STEP][PASSED] - click(findTestObject("Comet/mainMenu child", ["txtMenu":"Center Approval"])): Object: 'Object Repository/Comet/mainMenu child' is clicked on

2024-06-18 17:51:29 - [MESSAGE][PASSED] - Object: 'Object Repository/Comet/mainMenu child' is clicked on

2024-06-18 17:51:29 - [TEST_STEP][PASSED] - click(findTestObject("Comet/p-dropdown fcn", ["ddName":"serviceType"])): Object: 'Object Repository/Comet/p-dropdown fcn' is clicked on

2024-06-18 17:51:30 - [MESSAGE][PASSED] - Object: 'Object Repository/Comet/p-dropdown fcn' is clicked on

2024-06-18 17:51:30 - [TEST_STEP][PASSED] - OtherKeyword.selectObjectBasedOnIndex(findTestObject("Comet/p-dropdownitem li"), idxService): OtherKeyword.selectObjectBasedOnIndex is PASSED

2024-06-18 17:51:30 - [MESSAGE][PASSED] - OtherKeyword.selectObjectBasedOnIndex is PASSED

2024-06-18 17:51:30 - [TEST_STEP][PASSED] - click(findTestObject("Comet/btn containsText", ["txtBtn":"Search"])): Object: 'Object Repository/Comet/btn containsText' is clicked on

2024-06-18 17:51:31 - [MESSAGE][PASSED] - Object: 'Object Repository/Comet/btn containsText' is clicked on

2024-06-18 17:51:31 - [TEST_STEP][PASSED] - takeFullPageScreenshot(): Taking screenshot successfully

2024-06-18 17:51:32 - [MESSAGE][INFO] - 0 hidden object(s)

2024-06-18 17:51:32 - [MESSAGE][PASSED] - Taking screenshot successfully
[[ATTACHMENT|E:\\- FILE ELVIA\\Katalon\\PROJECT\\NewGenprio\\Reports\\20240618_175001\\XLCOnlineApproval Positivecase\\20240618_175004\\1718707891713.png]]]]></system-out>
         <system-err><![CDATA[]]></system-err>
      </testcase>
      <testcase name="Test Cases/MAIN/WebSupport/XLCApproval Searching" time="4.875" classname="Test Cases/MAIN/WebSupport/XLCApproval Searching" status="PASSED">
         <system-out><![CDATA[2024-06-18 17:51:32 - [TEST_CASE][PASSED] - Test Cases/MAIN/WebSupport/XLCApproval Searching: Test Cases/MAIN/WebSupport/XLCApproval Searching

2024-06-18 17:51:32 - [TEST_STEP][PASSED] - click(findTestObject("Comet/mainMenu", ["txt":"Customer Support"])): Object: 'Object Repository/Comet/mainMenu' is clicked on

2024-06-18 17:51:33 - [MESSAGE][PASSED] - Object: 'Object Repository/Comet/mainMenu' is clicked on

2024-06-18 17:51:33 - [TEST_STEP][PASSED] - click(findTestObject("Comet/mainMenu child", ["txtMenu":"Center Approval"])): Object: 'Object Repository/Comet/mainMenu child' is clicked on

2024-06-18 17:51:34 - [MESSAGE][PASSED] - Object: 'Object Repository/Comet/mainMenu child' is clicked on

2024-06-18 17:51:34 - [TEST_STEP][PASSED] - click(findTestObject("Comet/p-dropdown fcn", ["ddName":"serviceType"])): Object: 'Object Repository/Comet/p-dropdown fcn' is clicked on

2024-06-18 17:51:35 - [MESSAGE][PASSED] - Object: 'Object Repository/Comet/p-dropdown fcn' is clicked on

2024-06-18 17:51:35 - [TEST_STEP][PASSED] - OtherKeyword.selectObjectBasedOnIndex(findTestObject("Comet/p-dropdownitem li"), idxService): OtherKeyword.selectObjectBasedOnIndex is PASSED

2024-06-18 17:51:35 - [MESSAGE][PASSED] - OtherKeyword.selectObjectBasedOnIndex is PASSED

2024-06-18 17:51:35 - [TEST_STEP][PASSED] - click(findTestObject("Comet/btn containsText", ["txtBtn":"Search"])): Object: 'Object Repository/Comet/btn containsText' is clicked on

2024-06-18 17:51:36 - [MESSAGE][PASSED] - Object: 'Object Repository/Comet/btn containsText' is clicked on

2024-06-18 17:51:36 - [TEST_STEP][PASSED] - takeFullPageScreenshot(): Taking screenshot successfully

2024-06-18 17:51:37 - [MESSAGE][INFO] - 0 hidden object(s)

2024-06-18 17:51:37 - [MESSAGE][PASSED] - Taking screenshot successfully
[[ATTACHMENT|E:\\- FILE ELVIA\\Katalon\\PROJECT\\NewGenprio\\Reports\\20240618_175001\\XLCOnlineApproval Positivecase\\20240618_175004\\1718707896642.png]]]]></system-out>
         <system-err><![CDATA[]]></system-err>
      </testcase>
      <system-out><![CDATA[2024-06-18 17:51:04 - [TEST_SUITE][PASSED] - XLCOnlineApproval Positivecase: Test Cases/MAIN/WebSupport/XLCApproval Searching]]></system-out>
      <system-err><![CDATA[]]></system-err>
   </testsuite>
</testsuites>
