<?xml version="1.0" encoding="UTF-8"?>
<testsuites name="Booking2" time="27.562" tests="1" failures="0" errors="0">
   <testsuite name="Booking2" tests="1" failures="0" errors="0" time="27.562" skipped="0" timestamp="19-06-2024T19:47:04" hostname="LENOVO - DESKTOP-PAESQ7A" id="Test Suites/Booking2">
      <properties>
         <property name="deviceName" value=""/>
         <property name="devicePlatform"/>
         <property name="logFolder" value="E:\\- FILE ELVIA\\Katalon\\PROJECT\\NewGenprio\\Reports\\20240619_194638\\Booking2\\20240619_194645"/>
         <property name="logFiles" value="E:\\- FILE ELVIA\\Katalon\\PROJECT\\NewGenprio\\Reports\\20240619_194638\\Booking2\\20240619_194645\\execution0.log"/>
         <property name="attachments" value=""/>
         <property name="hostName" value="LENOVO - DESKTOP-PAESQ7A"/>
         <property name="os" value="Windows 10 64bit"/>
         <property name="katalonVersion" value="9.5.0.217"/>
         <property name="browser" value="Chrome 126.0.0.0"/>
         <property name="hostAddress" value="192.168.0.110"/>
         <property name="sessionId" value="5bd3f0ff5b26621a5bcdca29872cb5bb"/>
         <property name="seleniumVersion" value="3.141.59"/>
         <property name="proxyInformation" value="ProxyInformation { proxyOption=NO_PROXY, proxyServerType=HTTP, username=, password=********, proxyServerAddress=, proxyServerPort=0, executionList=&quot;&quot;, isApplyToDesiredCapabilities=true }"/>
         <property name="platform" value="Windows 10"/>
      </properties>
      <testcase name="Test Cases/MAIN/Tiketdotcom/Booking Hotel" time="27.283" classname="Test Cases/MAIN/Tiketdotcom/Booking Hotel" status="PASSED">
         <system-out><![CDATA[19-06-2024T19:47:04 - [TEST_CASE][PASSED] - Test Cases/MAIN/Tiketdotcom/Booking Hotel: Test Cases/MAIN/Tiketdotcom/Booking Hotel

19-06-2024T19:47:05 - [TEST_STEP][PASSED] - openBrowser(URL_Tiket): Browser is opened with url: 'https://www.tiket.com/'

19-06-2024T19:47:06 - [MESSAGE][INFO] - Starting 'Chrome' driver

19-06-2024T19:47:06 - [MESSAGE][INFO] - Action delay is set to 0 milliseconds

19-06-2024T19:47:14 - [MESSAGE][PASSED] - Browser is opened with url: 'https://www.tiket.com/'

19-06-2024T19:47:14 - [TEST_STEP][PASSED] - maximizeWindow(): Current window maximized

19-06-2024T19:47:15 - [MESSAGE][PASSED] - Current window maximized

19-06-2024T19:47:15 - [TEST_STEP][PASSED] - click(findTestObject("Tiketdotcom/mainProduct", ["menu":"hotel"])): Object: 'Object Repository/Tiketdotcom/mainProduct' is clicked on

19-06-2024T19:47:21 - [MESSAGE][PASSED] - Object: 'Object Repository/Tiketdotcom/mainProduct' is clicked on

19-06-2024T19:47:21 - [TEST_STEP][PASSED] - OtherKeyword.allowAllertPermission(): OtherKeyword.allowAllertPermission is PASSED

19-06-2024T19:47:22 - [MESSAGE][PASSED] - OtherKeyword.allowAllertPermission is PASSED

19-06-2024T19:47:22 - [TEST_STEP][PASSED] - click(findTestObject("Tiketdotcom/div atDatatest", ["divData":"destination-input"])): Object: 'Object Repository/Tiketdotcom/div atDatatest' is clicked on

19-06-2024T19:47:24 - [MESSAGE][PASSED] - Object: 'Object Repository/Tiketdotcom/div atDatatest' is clicked on

19-06-2024T19:47:24 - [TEST_STEP][PASSED] - setText(findTestObject("Tiketdotcom/input atDatatest", ["inputTxt":"destination-search-box"]), City): Text 'Medan' is set on object 'Object Repository/Tiketdotcom/input atDatatest'

19-06-2024T19:47:25 - [MESSAGE][PASSED] - Text 'Medan' is set on object 'Object Repository/Tiketdotcom/input atDatatest'

19-06-2024T19:47:25 - [TEST_STEP][PASSED] - SupportMethod.selectRandomlyListobject(findTestObject("Tiketdotcom/div atDatatest", ["divData":"hotel-list-item"])): SupportMethod.selectRandomlyListobject is PASSED

19-06-2024T19:47:27 - [MESSAGE][PASSED] - Found web elements by test object Object Repository/Tiketdotcom/div atDatatest

19-06-2024T19:47:27 - [MESSAGE][PASSED] - SupportMethod.selectRandomlyListobject is PASSED

19-06-2024T19:47:27 - [TEST_STEP][PASSED] - click(findTestObject("Tiketdotcom/div containsClass", ["divClass":"input_date"])): Object: 'Object Repository/Tiketdotcom/div containsClass' is clicked on

19-06-2024T19:47:28 - [MESSAGE][PASSED] - Object: 'Object Repository/Tiketdotcom/div containsClass' is clicked on

19-06-2024T19:47:28 - [TEST_STEP][PASSED] - sendKeys(findTestObject("Tiketdotcom/btn containsClass", ["btnClass":"Day_day_select"]), Keys.chord(TAB, TAB, TAB, TAB, ENTER, TAB, TAB, ENTER)): Keys 'TAB + TAB + TAB + TAB + ENTER + TAB + TAB + ENTER + ' sent to object: 'Object Repository/Tiketdotcom/btn containsClass'

19-06-2024T19:47:29 - [MESSAGE][PASSED] - Keys 'TAB + TAB + TAB + TAB + ENTER + TAB + TAB + ENTER + ' sent to object: 'Object Repository/Tiketdotcom/btn containsClass'

19-06-2024T19:47:29 - [TEST_STEP][PASSED] - SupportMethod.selectRandomlyListobject(findTestObject("Tiketdotcom/div containsClass", ["divClass":"passenger_amount"])): SupportMethod.selectRandomlyListobject is PASSED

19-06-2024T19:47:29 - [MESSAGE][PASSED] - Found web elements by test object Object Repository/Tiketdotcom/div containsClass

19-06-2024T19:47:29 - [MESSAGE][PASSED] - SupportMethod.selectRandomlyListobject is PASSED

19-06-2024T19:47:29 - [TEST_STEP][PASSED] - OtherKeyword.selectObjectBasedOnIndex(findTestObject("Tiketdotcom/btn containsClass", ["btnClass":"QuantityEditor"]), "4"): OtherKeyword.selectObjectBasedOnIndex is PASSED

19-06-2024T19:47:30 - [MESSAGE][PASSED] - Found web elements by test object Object Repository/Tiketdotcom/btn containsClass

19-06-2024T19:47:30 - [MESSAGE][PASSED] - OtherKeyword.selectObjectBasedOnIndex is PASSED

19-06-2024T19:47:30 - [TEST_STEP][PASSED] - OtherKeyword.selectObjectBasedOnIndex(findTestObject("Tiketdotcom/btn containsClass", ["btnClass":"QuantityEditor"]), "4"): OtherKeyword.selectObjectBasedOnIndex is PASSED

19-06-2024T19:47:30 - [MESSAGE][PASSED] - Found web elements by test object Object Repository/Tiketdotcom/btn containsClass

19-06-2024T19:47:30 - [MESSAGE][PASSED] - OtherKeyword.selectObjectBasedOnIndex is PASSED

19-06-2024T19:47:30 - [TEST_STEP][PASSED] - click(findTestObject("Tiketdotcom/btn contains", ["attr":"text()", "value":"Selesai"])): Object: 'Object Repository/Tiketdotcom/btn contains' is clicked on

19-06-2024T19:47:31 - [MESSAGE][PASSED] - Object: 'Object Repository/Tiketdotcom/btn contains' is clicked on

19-06-2024T19:47:31 - [TEST_STEP][PASSED] - click(findTestObject("Tiketdotcom/btn containsClass", ["btnClass":"submit"])): Object: 'Object Repository/Tiketdotcom/btn containsClass' is clicked on

19-06-2024T19:47:32 - [MESSAGE][PASSED] - Object: 'Object Repository/Tiketdotcom/btn containsClass' is clicked on]]></system-out>
         <system-err><![CDATA[]]></system-err>
      </testcase>
      <system-out><![CDATA[19-06-2024T19:47:04 - [TEST_SUITE][PASSED] - Booking2: Test Cases/MAIN/Tiketdotcom/Booking Hotel]]></system-out>
      <system-err><![CDATA[]]></system-err>
   </testsuite>
</testsuites>
